#
# There is insufficient memory for the Java Runtime Environment to continue.
# Native memory allocation (malloc) failed to allocate 265856 bytes for Chunk::new
# Possible reasons:
#   The system is out of physical RAM or swap space
#   In 32 bit mode, the process size limit was hit
# Possible solutions:
#   Reduce memory load on the system
#   Increase physical memory or swap space
#   Check if swap backing store is full
#   Use 64 bit Java on a 64 bit OS
#   Decrease Java heap size (-Xmx/-Xms)
#   Decrease number of Java threads
#   Decrease Java thread stack sizes (-Xss)
#   Set larger code cache with -XX:ReservedCodeCacheSize=
# This output file may be truncated or incomplete.
#
#  Out of Memory Error (allocation.cpp:390), pid=7424, tid=0x0000000000000f3c
#
# JRE version: Java(TM) SE Runtime Environment (8.0_121-b13) (build 1.8.0_121-b13)
# Java VM: Java HotSpot(TM) 64-Bit Server VM (25.121-b13 mixed mode windows-amd64 compressed oops)
# Failed to write core dump. Minidumps are not enabled by default on client versions of Windows
#

---------------  T H R E A D  ---------------

Current thread (0x00000000155db800):  JavaThread "C2 CompilerThread0" daemon [_thread_in_native, id=3900, stack(0x0000000016ed0000,0x0000000016fd0000)]

Stack: [0x0000000016ed0000,0x0000000016fd0000]
[error occurred during error reporting (printing stack bounds), id 0xc0000005]

Native frames: (J=compiled Java code, j=interpreted, Vv=VM code, C=native code)


Current CompileTask:
C2:  16207  765 %     4       com.sun.org.apache.xerces.internal.impl.io.UTF8Reader::read @ 113 (1443 bytes)


---------------  P R O C E S S  ---------------

Java Threads: ( => current thread )
  0x0000000016ac7000 JavaThread "Abandoned connection cleanup thread" daemon [_thread_blocked, id=6552, stack(0x00000000173d0000,0x00000000174d0000)]
  0x0000000016963800 JavaThread "Service Thread" daemon [_thread_blocked, id=4248, stack(0x00000000171d0000,0x00000000172d0000)]
  0x00000000168e0000 JavaThread "C1 CompilerThread2" daemon [_thread_blocked, id=7540, stack(0x00000000170d0000,0x00000000171d0000)]
  0x00000000168db000 JavaThread "C2 CompilerThread1" daemon [_thread_in_native, id=2212, stack(0x0000000016fd0000,0x00000000170d0000)]
=>0x00000000155db800 JavaThread "C2 CompilerThread0" daemon [_thread_in_native, id=3900, stack(0x0000000016ed0000,0x0000000016fd0000)]
  0x000000001558f000 JavaThread "Attach Listener" daemon [_thread_blocked, id=2788, stack(0x0000000016dd0000,0x0000000016ed0000)]
  0x00000000168d8800 JavaThread "Signal Dispatcher" daemon [_thread_blocked, id=6676, stack(0x0000000016cd0000,0x0000000016dd0000)]
  0x0000000002fad000 JavaThread "Finalizer" daemon [_thread_blocked, id=8332, stack(0x00000000167d0000,0x00000000168d0000)]
  0x0000000002fa2000 JavaThread "Reference Handler" daemon [_thread_blocked, id=7268, stack(0x00000000166d0000,0x00000000167d0000)]
  0x0000000002eb2800 JavaThread "main" [_thread_in_native, id=6244, stack(0x0000000002cf0000,0x0000000002df0000)]

Other Threads:
  0x0000000015546800 VMThread [stack: 0x00000000165d0000,0x00000000166d0000] [id=1340]
  0x00000000169b9800 WatcherThread [stack: 0x00000000172d0000,0x00000000173d0000] [id=7100]

VM state:not at safepoint (normal execution)

VM Mutex/Monitor currently owned by a thread: None

Heap:
 PSYoungGen      total 18944K, used 8014K [0x00000000eb400000, 0x00000000ec900000, 0x0000000100000000)
  eden space 16384K, 33% used [0x00000000eb400000,0x00000000eb9559d0,0x00000000ec400000)
  from space 2560K, 99% used [0x00000000ec400000,0x00000000ec67e010,0x00000000ec680000)
  to   space 2560K, 0% used [0x00000000ec680000,0x00000000ec680000,0x00000000ec900000)
 ParOldGen       total 44032K, used 2794K [0x00000000c1c00000, 0x00000000c4700000, 0x00000000eb400000)
  object space 44032K, 6% used [0x00000000c1c00000,0x00000000c1eba960,0x00000000c4700000)
 Metaspace       used 11688K, capacity 11842K, committed 12160K, reserved 1060864K
  class space    used 1261K, capacity 1301K, committed 1408K, reserved 1048576K

Card table byte_map: [0x0000000012370000,0x0000000012570000] byte_map_base: 0x0000000011d62000

Marking Bits: (ParMarkBitMap*) 0x0000000067abb6d0
 Begin Bits: [0x0000000012ac0000, 0x0000000013a50000)
 End Bits:   [0x0000000013a50000, 0x00000000149e0000)

Polling page: 0x00000000029d0000

CodeCache: size=245760Kb used=3273Kb max_used=3273Kb free=242486Kb
 bounds [0x0000000002fb0000, 0x00000000032f0000, 0x0000000011fb0000]
 total_blobs=1157 nmethods=774 adapters=296
 compilation: enabled

Compilation events (10 events):
Event: 16.173 Thread 0x00000000168e0000  775       3       java.util.Arrays$ArrayList::get (7 bytes)
Event: 16.173 Thread 0x00000000168e0000 nmethod 775 0x00000000032e3950 code [0x00000000032e3aa0, 0x00000000032e3c10]
Event: 16.173 Thread 0x00000000168e0000  773       3       java.lang.String::toString (2 bytes)
Event: 16.173 Thread 0x00000000168e0000 nmethod 773 0x00000000032c2fd0 code [0x00000000032c3120, 0x00000000032c3270]
Event: 16.173 Thread 0x00000000168e0000  774       3       sun.misc.URLClassPath::access$100 (7 bytes)
Event: 16.173 Thread 0x00000000168e0000 nmethod 774 0x00000000032e3d10 code [0x00000000032e3e80, 0x00000000032e3fe8]
Event: 16.173 Thread 0x00000000168e0000  777       3       com.sun.org.apache.xerces.internal.utils.XMLSecurityManager$NameMap::getOldName (18 bytes)
Event: 16.174 Thread 0x00000000168e0000 nmethod 777 0x00000000032e40d0 code [0x00000000032e4240, 0x00000000032e44a8]
Event: 16.174 Thread 0x00000000168e0000  776       3       com.sun.org.apache.xerces.internal.xni.QName::<init> (9 bytes)
Event: 16.174 Thread 0x00000000168e0000 nmethod 776 0x00000000032e4550 code [0x00000000032e46c0, 0x00000000032e4930]

GC Heap History (2 events):
Event: 9.155 GC heap before
{Heap before GC invocations=1 (full 0):
 PSYoungGen      total 18944K, used 16384K [0x00000000eb400000, 0x00000000ec900000, 0x0000000100000000)
  eden space 16384K, 100% used [0x00000000eb400000,0x00000000ec400000,0x00000000ec400000)
  from space 2560K, 0% used [0x00000000ec680000,0x00000000ec680000,0x00000000ec900000)
  to   space 2560K, 0% used [0x00000000ec400000,0x00000000ec400000,0x00000000ec680000)
 ParOldGen       total 44032K, used 0K [0x00000000c1c00000, 0x00000000c4700000, 0x00000000eb400000)
  object space 44032K, 0% used [0x00000000c1c00000,0x00000000c1c00000,0x00000000c4700000)
 Metaspace       used 10415K, capacity 10594K, committed 10624K, reserved 1058816K
  class space    used 1100K, capacity 1141K, committed 1152K, reserved 1048576K
Event: 9.167 GC heap after
Heap after GC invocations=1 (full 0):
 PSYoungGen      total 18944K, used 2552K [0x00000000eb400000, 0x00000000ec900000, 0x0000000100000000)
  eden space 16384K, 0% used [0x00000000eb400000,0x00000000eb400000,0x00000000ec400000)
  from space 2560K, 99% used [0x00000000ec400000,0x00000000ec67e010,0x00000000ec680000)
  to   space 2560K, 0% used [0x00000000ec680000,0x00000000ec680000,0x00000000ec900000)
 ParOldGen       total 44032K, used 2794K [0x00000000c1c00000, 0x00000000c4700000, 0x00000000eb400000)
  object space 44032K, 6% used [0x00000000c1c00000,0x00000000c1eba960,0x00000000c4700000)
 Metaspace       used 10415K, capacity 10594K, committed 10624K, reserved 1058816K
  class space    used 1100K, capacity 1141K, committed 1152K, reserved 1048576K
}

Deoptimization events (2 events):
Event: 2.028 Thread 0x0000000002eb2800 Uncommon trap: reason=unstable_if action=reinterpret pc=0x000000000311b3bc method=java.lang.String.indexOf([CII[CIII)I @ 3
Event: 13.446 Thread 0x0000000002eb2800 Uncommon trap: reason=unstable_if action=reinterpret pc=0x000000000310c35c method=sun.nio.cs.UTF_8$Encoder.encode([CII[B)I @ 33

Internal exceptions (10 events):
Event: 1.849 Thread 0x0000000002eb2800 Exception <a 'java/lang/ArrayIndexOutOfBoundsException': 22> (0x00000000eb770bd8) thrown at [C:\re\workspace\8-2-build-windows-amd64-cygwin\jdk8u121\8372\hotspot\src\share\vm\interpreter\interpreterRuntime.cpp, line 366]
Event: 1.851 Thread 0x0000000002eb2800 Exception <a 'java/lang/ArrayIndexOutOfBoundsException': 160> (0x00000000eb772fb0) thrown at [C:\re\workspace\8-2-build-windows-amd64-cygwin\jdk8u121\8372\hotspot\src\share\vm\interpreter\interpreterRuntime.cpp, line 366]
Event: 1.857 Thread 0x0000000002eb2800 Exception <a 'java/lang/ClassNotFoundException': org/apache/log4j/LayoutCustomizer> (0x00000000eb779ce0) thrown at [C:\re\workspace\8-2-build-windows-amd64-cygwin\jdk8u121\8372\hotspot\src\share\vm\classfile\systemDictionary.cpp, line 210]
Event: 1.861 Thread 0x0000000002eb2800 Exception <a 'java/lang/ClassNotFoundException': org/apache/log4j/PatternLayoutCustomizer> (0x00000000eb78d038) thrown at [C:\re\workspace\8-2-build-windows-amd64-cygwin\jdk8u121\8372\hotspot\src\share\vm\classfile\systemDictionary.cpp, line 210]
Event: 1.978 Thread 0x0000000002eb2800 Exception <a 'java/lang/ClassNotFoundException': org/apache/log4j/ConsoleAppenderBeanInfo> (0x00000000eb808590) thrown at [C:\re\workspace\8-2-build-windows-amd64-cygwin\jdk8u121\8372\hotspot\src\share\vm\classfile\systemDictionary.cpp, line 210]
Event: 1.979 Thread 0x0000000002eb2800 Exception <a 'java/lang/ClassNotFoundException': org/apache/log4j/WriterAppenderBeanInfo> (0x00000000eb80d2b8) thrown at [C:\re\workspace\8-2-build-windows-amd64-cygwin\jdk8u121\8372\hotspot\src\share\vm\classfile\systemDictionary.cpp, line 210]
Event: 1.980 Thread 0x0000000002eb2800 Exception <a 'java/lang/ClassNotFoundException': org/apache/log4j/AppenderSkeletonBeanInfo> (0x00000000eb812158) thrown at [C:\re\workspace\8-2-build-windows-amd64-cygwin\jdk8u121\8372\hotspot\src\share\vm\classfile\systemDictionary.cpp, line 210]
Event: 1.981 Thread 0x0000000002eb2800 Exception <a 'java/lang/ClassNotFoundException': org/apache/log4j/AppenderSkeletonCustomizer> (0x00000000eb8173d8) thrown at [C:\re\workspace\8-2-build-windows-amd64-cygwin\jdk8u121\8372\hotspot\src\share\vm\classfile\systemDictionary.cpp, line 210]
Event: 1.985 Thread 0x0000000002eb2800 Exception <a 'java/lang/ClassNotFoundException': org/apache/log4j/WriterAppenderCustomizer> (0x00000000eb82fc60) thrown at [C:\re\workspace\8-2-build-windows-amd64-cygwin\jdk8u121\8372\hotspot\src\share\vm\classfile\systemDictionary.cpp, line 210]
Event: 1.989 Thread 0x0000000002eb2800 Exception <a 'java/lang/ClassNotFoundException': org/apache/log4j/ConsoleAppenderCustomizer> (0x00000000eb841488) thrown at [C:\re\workspace\8-2-build-windows-amd64-cygwin\jdk8u121\8372\hotspot\src\share\vm\classfile\systemDictionary.cpp, line 210]

Events (10 events):
Event: 13.241 loading class org/apache/hadoop/hive/serde2/objectinspector/ObjectInspectorUtils$1 done
Event: 13.446 Thread 0x0000000002eb2800 Uncommon trap: trap_request=0xffffff65 fr.pc=0x000000000310c35c
Event: 13.446 Thread 0x0000000002eb2800 DEOPT PACKING pc=0x000000000310c35c sp=0x0000000002deece0
Event: 13.446 Thread 0x0000000002eb2800 DEOPT UNPACKING pc=0x0000000002ff582a sp=0x0000000002deec78 mode 2
Event: 14.081 loading class java/util/ArrayList$ListItr
Event: 14.082 loading class java/util/ArrayList$ListItr done
Event: 14.082 Executing VM operation: Deoptimize
Event: 14.082 Executing VM operation: Deoptimize done
Event: 14.082 loading class java/util/AbstractList$ListItr
Event: 14.082 loading class java/util/AbstractList$ListItr done


Dynamic libraries:
0x00007ff6bdfe0000 - 0x00007ff6be017000 	C:\Program Files\Java\jdk1.8.0_121\bin\javaw.exe
0x00007ffc62d50000 - 0x00007ffc62efd000 	C:\windows\SYSTEM32\ntdll.dll
0x00007ffc62c00000 - 0x00007ffc62d3e000 	C:\windows\system32\KERNEL32.DLL
0x00007ffc60080000 - 0x00007ffc60195000 	C:\windows\system32\KERNELBASE.dll
0x00007ffc5e8a0000 - 0x00007ffc5e92e000 	C:\windows\system32\apphelp.dll
0x00007ffc4dd60000 - 0x00007ffc4ddb3000 	C:\windows\AppPatch\AppPatch64\AcGenral.DLL
0x00007ffc60730000 - 0x00007ffc607da000 	C:\windows\system32\msvcrt.dll
0x00007ffc5fff0000 - 0x00007ffc6001e000 	C:\windows\system32\SspiCli.dll
0x00007ffc60940000 - 0x00007ffc60994000 	C:\windows\system32\SHLWAPI.dll
0x00007ffc62a80000 - 0x00007ffc62bf7000 	C:\windows\system32\USER32.dll
0x00007ffc603d0000 - 0x00007ffc60564000 	C:\windows\system32\ole32.dll
0x00007ffc61170000 - 0x00007ffc62698000 	C:\windows\system32\SHELL32.dll
0x00007ffc5f4a0000 - 0x00007ffc5f4c1000 	C:\windows\SYSTEM32\USERENV.dll
0x00007ffc610c0000 - 0x00007ffc6116a000 	C:\windows\system32\ADVAPI32.dll
0x00007ffc52dc0000 - 0x00007ffc52dde000 	C:\windows\SYSTEM32\MPR.dll
0x00007ffc605f0000 - 0x00007ffc60730000 	C:\windows\system32\RPCRT4.dll
0x00007ffc62720000 - 0x00007ffc62779000 	C:\windows\SYSTEM32\sechost.dll
0x00007ffc60e60000 - 0x00007ffc61071000 	C:\windows\SYSTEM32\combase.dll
0x00007ffc62930000 - 0x00007ffc62a7f000 	C:\windows\system32\GDI32.dll
0x00007ffc5fe70000 - 0x00007ffc5fe85000 	C:\windows\SYSTEM32\profapi.dll
0x00007ffc5d790000 - 0x00007ffc5d842000 	C:\windows\SYSTEM32\SHCORE.dll
0x00007ffc61080000 - 0x00007ffc610b6000 	C:\windows\system32\IMM32.DLL
0x00007ffc607e0000 - 0x00007ffc60932000 	C:\windows\system32\MSCTF.dll
0x00007ffc5d2d0000 - 0x00007ffc5d54b000 	C:\windows\WinSxS\amd64_microsoft.windows.common-controls_6595b64144ccf1df_6.0.9600.18006_none_623f33d3ecbe86e8\COMCTL32.dll
0x00000000671c0000 - 0x0000000067292000 	C:\Program Files\Java\jdk1.8.0_121\jre\bin\msvcr100.dll
0x00000000672a0000 - 0x0000000067b3b000 	C:\Program Files\Java\jdk1.8.0_121\jre\bin\server\jvm.dll
0x00007ffc5a330000 - 0x00007ffc5a339000 	C:\windows\SYSTEM32\WSOCK32.dll
0x00007ffc53e70000 - 0x00007ffc53e92000 	C:\windows\SYSTEM32\WINMM.dll
0x00007ffc5ed90000 - 0x00007ffc5ed9a000 	C:\windows\SYSTEM32\VERSION.dll
0x00007ffc62d40000 - 0x00007ffc62d47000 	C:\windows\system32\PSAPI.DLL
0x00007ffc609a0000 - 0x00007ffc609fa000 	C:\windows\system32\WS2_32.dll
0x00007ffc53c40000 - 0x00007ffc53c6a000 	C:\windows\SYSTEM32\WINMMBASE.dll
0x00007ffc62790000 - 0x00007ffc62799000 	C:\windows\system32\NSI.dll
0x00007ffc60380000 - 0x00007ffc603cf000 	C:\windows\SYSTEM32\cfgmgr32.dll
0x00007ffc5eaf0000 - 0x00007ffc5eb18000 	C:\windows\SYSTEM32\DEVOBJ.dll
0x0000000067c00000 - 0x0000000067c0f000 	C:\Program Files\Java\jdk1.8.0_121\jre\bin\verify.dll
0x0000000067bd0000 - 0x0000000067bf9000 	C:\Program Files\Java\jdk1.8.0_121\jre\bin\java.dll
0x0000000067bb0000 - 0x0000000067bc6000 	C:\Program Files\Java\jdk1.8.0_121\jre\bin\zip.dll
0x0000000067b90000 - 0x0000000067baa000 	C:\Program Files\Java\jdk1.8.0_121\jre\bin\net.dll
0x00007ffc5f710000 - 0x00007ffc5f769000 	C:\windows\system32\mswsock.dll

VM Arguments:
jvm_args: -Dfile.encoding=UTF-8 
java_command: hive.HiveJdbc
java_class_path (initial): E:\workspace\JDBC\bin;E:\workspace\JDBC\lib\commons-logging-1.1.3.jar;E:\workspace\JDBC\lib\hadoop-core-1.2.1.jar;E:\workspace\JDBC\lib\hive-exec-0.14.0.jar;E:\workspace\JDBC\lib\hive-jdbc-0.14.0.jar;E:\workspace\JDBC\lib\hive-metastore-0.14.0.jar;E:\workspace\JDBC\lib\hive-service-0.14.0.jar;E:\workspace\JDBC\lib\libfb303-0.9.0.jar;E:\workspace\JDBC\lib\libthrift-0.9.0.jar;E:\workspace\JDBC\lib\log4j-1.2.15.jar;E:\workspace\JDBC\lib\slf4j-api-1.4.3.jar;E:\workspace\JDBC\lib\slf4j-log4j12-1.4.3.jar;E:\workspace\JDBC\lib\mysql-connector-java-5.1.38-bin.jar
Launcher Type: SUN_STANDARD

Environment Variables:
JAVA_HOME=C:\Program Files\Java\jdk1.8.0_121
CLASSPATH=C:\Program Files\Java\jdk1.8.0_121\lib\tools.jar;C:\Program Files\Java\jdk1.8.0_121\lib\dt.jar
PATH=C:/Program Files/Java/jdk1.8.0_121/bin/../jre/bin/server;C:/Program Files/Java/jdk1.8.0_121/bin/../jre/bin;C:/Program Files/Java/jdk1.8.0_121/bin/../jre/lib/amd64;C:\Program Files\Java\jdk1.8.0_121\bin;C:\ProgramData\Oracle\Java\javapath;G:\graphviz\bin;C:\Users\samsung1\AppData\Local\.meteor;F:\Nodejs\node_global;F:\Nodejs\node_cache;F:\Nodejs\node_cache;F:\mongodb\bin;F:\Python\Python3.5\Lib\site-packages;F:\Python\Python3.5;F:\Python\Python3.5\Scripts;E:\pythonwork;\%GOROOT%\bin;F:\Android\adt-bundle-windows-x86_64-20140702\sdk\platform-tools;F:\oracle\product\10.2.0\db_1\jdbc\lib;F:\Python\python_ruanjian2\;F:\Python\python_ruanjian\Scripts;F:\Python\python_ruanjian;F:\oracle\product\10.2.0\client_1\bin;F:\oracle\product\10.2.0\db_1\bin;F:\oracle\product\10.2.0\db_1\bin;C:\Program Files (x86)\Intel\iCLS Client\;C:\Program Files\Intel\iCLS Client\;C:\windows\system32;C:\windows;C:\windows\System32\Wbem;C:\windows\System32\WindowsPowerShell\v1.0\;C:\Program Files\Intel\Intel(R) Management Engine Components\DAL;C:\Program Files\Intel\Intel(R) Management Engine Components\IPT;C:\Program Files (x86)\Intel\Intel(R) Management Engine Components\DAL;C:\Program Files (x86)\Intel\Intel(R) Management Engine Components\IPT;C:\Program Files\Intel\WiFi\bin\;C:\Program Files\Common Files\Intel\WirelessCommon\;C:\Program Files\Samsung\AllShare Framework DMS\1.3.23\;C:\Program Files\Samsung\AllShare Framework DMS\1.3.23\64bit\;C:\Program Files (x86)\iFLYTEK\VoiceAssistant\SpeechPlusRuntime;C:\Program Files (x86)\NVIDIA Corporation\PhysX\Common;F:\mysql\bin;C:\Program Files\Microsoft\Web Platform Installer\;G:\SVN\bin;F:\Nodejs\;F:\Git\Git\cmd;C:\Program Files\Java\jdk1.8.0_121\bin;C:\Program Files\RabbitMQ Server\rabbitmq_server-3.6.6\sbin;C:\Program Files\erl8.2\bin;G:\graphviz\bin;C:\Users\samsung1\AppData\Local\.meteor;F:\Nodejs\node_cache;F:\Nodejs;F:\Android\adt-bundle-windows-x86_64-20140702\eclipse;
USERNAME=samsung1
OS=Windows_NT
PROCESSOR_IDENTIFIER=Intel64 Family 6 Model 58 Stepping 9, GenuineIntel



---------------  S Y S T E M  ---------------

OS: Windows 8.1 , 64 bit Build 9600 (6.3.9600.17415)

CPU:total 4 (2 cores per cpu, 2 threads per core) family 6 model 58 stepping 9, cmov, cx8, fxsr, mmx, sse, sse2, sse3, ssse3, sse4.1, sse4.2, popcnt, avx, aes, clmul, erms, ht, tsc, tscinvbit, tscinv

Memory: 4k page, physical 4077068k(1370120k free), swap 4077072k(5168k free)

vm_info: Java HotSpot(TM) 64-Bit Server VM (25.121-b13) for windows-amd64 JRE (1.8.0_121-b13), built on Dec 12 2016 18:21:36 by "java_re" with MS VC++ 10.0 (VS2010)

time: Sat May 27 11:07:11 2017
elapsed time: 16 seconds (0d 0h 0m 16s)

